<FrameworkJobReport>

<File>
<State  Value="closed"/>
<LFN></LFN>
<PFN>file:step0_inLHE.root</PFN>
<Catalog></Catalog>
<ModuleLabel>LHEoutput</ModuleLabel>
<GUID>12D5ADF7-E1EC-9344-AF70-E6D4228A57D1</GUID>
<Branches>
  <Branch>LHEEventProduct_externalLHEProducer__SIM.</Branch>
</Branches>
<OutputModuleClass>PoolOutputModule</OutputModuleClass>
<TotalEvents>2</TotalEvents>

<DataType>MC</DataType>

<BranchHash>baad18a51a4cbab54f85db48954b2717</BranchHash>

<Runs>
<Run ID="1">
   <LumiSection ID="1" NEvents="2"/>
</Run>

</Runs>

<Inputs>
</Inputs>
</File>

<File>
<State  Value="closed"/>
<LFN></LFN>
<PFN>file:step0.root</PFN>
<Catalog></Catalog>
<ModuleLabel>RAWSIMoutput</ModuleLabel>
<GUID>E0432817-15E7-7F40-AF43-CEA80B246F0C</GUID>
<Branches>
  <Branch>GenEventInfoProduct_generator__SIM.</Branch>
  <Branch>LHEEventProduct_externalLHEProducer__SIM.</Branch>
  <Branch>floatROOTMathCartesian3DROOTMathDefaultCoordinateSystemTagROOTMathPositionVector3D_genParticles_xyz0_SIM.</Branch>
  <Branch>edmHepMCProduct_generatorSmeared__SIM.</Branch>
  <Branch>edmRandomEngineStates_randomEngineStateProducer__SIM.</Branch>
  <Branch>edmTriggerResults_TriggerResults__SIM.</Branch>
  <Branch>float_genParticles_t0_SIM.</Branch>
  <Branch>PCaloHits_fastSimProducer_EcalHitsEB_SIM.</Branch>
  <Branch>PCaloHits_fastSimProducer_EcalHitsEE_SIM.</Branch>
  <Branch>PCaloHits_fastSimProducer_EcalHitsES_SIM.</Branch>
  <Branch>PCaloHits_fastSimProducer_HcalHits_SIM.</Branch>
  <Branch>PSimHits_MuonSimHits_MuonCSCHits_SIM.</Branch>
  <Branch>PSimHits_MuonSimHits_MuonDTHits_SIM.</Branch>
  <Branch>PSimHits_MuonSimHits_MuonRPCHits_SIM.</Branch>
  <Branch>PSimHits_fastSimProducer_TrackerHits_SIM.</Branch>
  <Branch>SimTracks_fastSimProducer__SIM.</Branch>
  <Branch>SimTracks_fastSimProducer_MuonSimTracks_SIM.</Branch>
  <Branch>SimVertexs_fastSimProducer__SIM.</Branch>
  <Branch>ints_genParticles__SIM.</Branch>
  <Branch>recoGenJets_ak4GenJets__SIM.</Branch>
  <Branch>recoGenJets_ak4GenJetsNoNu__SIM.</Branch>
  <Branch>recoGenJets_ak8GenJets__SIM.</Branch>
  <Branch>recoGenJets_ak8GenJetsNoNu__SIM.</Branch>
  <Branch>recoGenMETs_genMetCalo__SIM.</Branch>
  <Branch>recoGenMETs_genMetTrue__SIM.</Branch>
  <Branch>recoGenParticles_genParticles__SIM.</Branch>
</Branches>
<OutputModuleClass>PoolOutputModule</OutputModuleClass>
<TotalEvents>2</TotalEvents>

<DataType>MC</DataType>

<BranchHash>ba315c568b9d7ff93417b29fda940885</BranchHash>

<Runs>
<Run ID="1">
   <LumiSection ID="1" NEvents="2"/>
</Run>

</Runs>

<Inputs>
</Inputs>
</File>
<PerformanceReport>
  <PerformanceSummary Metric="ApplicationMemory">
    <Metric Name="AverageGrowthRateRss" Value="310.855"/>
    <Metric Name="AverageGrowthRateVsize" Value="482.264"/>
    <Metric Name="HEAP_ARENA_N_UNUSED_CHUNKS" Value="1"/>
    <Metric Name="HEAP_ARENA_SIZE_BYTES" Value="0"/>
    <Metric Name="HEAP_MAPPED_N_CHUNKS" Value="0"/>
    <Metric Name="HEAP_MAPPED_SIZE_BYTES" Value="0"/>
    <Metric Name="HEAP_TOP_FREE_BYTES" Value="0"/>
    <Metric Name="HEAP_UNUSED_BYTES" Value="0"/>
    <Metric Name="HEAP_USED_BYTES" Value="0"/>
    <Metric Name="LargestIncreaseRssEvent-a-COUNT" Value="2"/>
    <Metric Name="LargestIncreaseRssEvent-b-RUN" Value="1"/>
    <Metric Name="LargestIncreaseRssEvent-c-EVENT" Value="1"/>
    <Metric Name="LargestIncreaseRssEvent-d-VSIZE" Value="1850.03"/>
    <Metric Name="LargestIncreaseRssEvent-e-DELTV" Value="0"/>
    <Metric Name="LargestIncreaseRssEvent-f-RSS" Value="911.488"/>
    <Metric Name="LargestRssEvent-a-COUNT" Value="2"/>
    <Metric Name="LargestRssEvent-b-RUN" Value="1"/>
    <Metric Name="LargestRssEvent-c-EVENT" Value="1"/>
    <Metric Name="LargestRssEvent-d-VSIZE" Value="1850.03"/>
    <Metric Name="LargestRssEvent-e-DELTV" Value="0"/>
    <Metric Name="LargestRssEvent-f-RSS" Value="911.488"/>
    <Metric Name="LargestVsizeEventT1-a-COUNT" Value="1"/>
    <Metric Name="LargestVsizeEventT1-b-RUN" Value="1"/>
    <Metric Name="LargestVsizeEventT1-c-EVENT" Value="2"/>
    <Metric Name="LargestVsizeEventT1-d-VSIZE" Value="1850.03"/>
    <Metric Name="LargestVsizeEventT1-e-DELTV" Value="0"/>
    <Metric Name="LargestVsizeEventT1-f-RSS" Value="909.75"/>
    <Metric Name="LargestVsizeIncreaseEvent-a-COUNT" Value="1"/>
    <Metric Name="LargestVsizeIncreaseEvent-b-RUN" Value="1"/>
    <Metric Name="LargestVsizeIncreaseEvent-c-EVENT" Value="2"/>
    <Metric Name="LargestVsizeIncreaseEvent-d-VSIZE" Value="1850.03"/>
    <Metric Name="LargestVsizeIncreaseEvent-e-DELTV" Value="0"/>
    <Metric Name="LargestVsizeIncreaseEvent-f-RSS" Value="909.75"/>
    <Metric Name="PeakValueRss" Value="911.488"/>
    <Metric Name="PeakValueVsize" Value="1850.03"/>
    <Metric Name="SecondLargestRssEvent-a-COUNT" Value="1"/>
    <Metric Name="SecondLargestRssEvent-b-RUN" Value="1"/>
    <Metric Name="SecondLargestRssEvent-c-EVENT" Value="2"/>
    <Metric Name="SecondLargestRssEvent-d-VSIZE" Value="1850.03"/>
    <Metric Name="SecondLargestRssEvent-e-DELTV" Value="0"/>
    <Metric Name="SecondLargestRssEvent-f-RSS" Value="909.75"/>
    <Metric Name="SecondLargestVsizeEventT2-a-COUNT" Value="2"/>
    <Metric Name="SecondLargestVsizeEventT2-b-RUN" Value="1"/>
    <Metric Name="SecondLargestVsizeEventT2-c-EVENT" Value="1"/>
    <Metric Name="SecondLargestVsizeEventT2-d-VSIZE" Value="1850.03"/>
    <Metric Name="SecondLargestVsizeEventT2-e-DELTV" Value="0"/>
    <Metric Name="SecondLargestVsizeEventT2-f-RSS" Value="911.488"/>
  </PerformanceSummary>
</PerformanceReport>
<PerformanceReport>
  <PerformanceSummary Metric="SystemMemory">
    <Metric Name="Active" Value="5432684"/>
    <Metric Name="Active(anon)" Value="1804728"/>
    <Metric Name="Active(file)" Value="3627956"/>
    <Metric Name="AnonHugePages" Value="432128"/>
    <Metric Name="AnonPages" Value="2918976"/>
    <Metric Name="Bounce" Value="0"/>
    <Metric Name="Buffers" Value="123196"/>
    <Metric Name="Cached" Value="7133356"/>
    <Metric Name="CmaFree" Value="0"/>
    <Metric Name="CmaTotal" Value="0"/>
    <Metric Name="CommitLimit" Value="16553540"/>
    <Metric Name="Committed_AS" Value="5630856"/>
    <Metric Name="DirectMap2M" Value="12484608"/>
    <Metric Name="DirectMap4k" Value="98160"/>
    <Metric Name="Dirty" Value="4712"/>
    <Metric Name="HardwareCorrupted" Value="0"/>
    <Metric Name="HugePages_Free" Value="0"/>
    <Metric Name="HugePages_Rsvd" Value="0"/>
    <Metric Name="HugePages_Surp" Value="0"/>
    <Metric Name="HugePages_Total" Value="0"/>
    <Metric Name="Hugepagesize" Value="2048"/>
    <Metric Name="Inactive" Value="4796200"/>
    <Metric Name="Inactive(anon)" Value="1168620"/>
    <Metric Name="Inactive(file)" Value="3627580"/>
    <Metric Name="KernelStack" Value="7296"/>
    <Metric Name="Mapped" Value="159740"/>
    <Metric Name="MemAvailable" Value="8422028"/>
    <Metric Name="MemFree" Value="174236"/>
    <Metric Name="MemTotal" Value="12135572"/>
    <Metric Name="Mlocked" Value="0"/>
    <Metric Name="NFS_Unstable" Value="36"/>
    <Metric Name="PageTables" Value="34024"/>
    <Metric Name="Percpu" Value="2816"/>
    <Metric Name="SReclaimable" Value="1314348"/>
    <Metric Name="SUnreclaim" Value="225024"/>
    <Metric Name="Shmem" Value="748"/>
    <Metric Name="Slab" Value="1539372"/>
    <Metric Name="SwapCached" Value="56500"/>
    <Metric Name="SwapFree" Value="9175292"/>
    <Metric Name="SwapTotal" Value="10485756"/>
    <Metric Name="Unevictable" Value="0"/>
    <Metric Name="VmallocChunk" Value="-202756"/>
    <Metric Name="VmallocTotal" Value="-1"/>
    <Metric Name="VmallocUsed" Value="138636"/>
    <Metric Name="Writeback" Value="0"/>
    <Metric Name="WritebackTmp" Value="0"/>
  </PerformanceSummary>
</PerformanceReport>
<PerformanceReport>
  <PerformanceSummary Metric="Timing">
    <Metric Name="AvgEventTime" Value="8.31906"/>
    <Metric Name="EventSetup Get" Value="12.0684"/>
    <Metric Name="EventSetup Lock" Value="42.5829"/>
    <Metric Name="EventThroughput" Value="0.00869749"/>
    <Metric Name="MaxEventTime" Value="8.34911"/>
    <Metric Name="MinEventTime" Value="8.28902"/>
    <Metric Name="NumberOfStreams" Value="8"/>
    <Metric Name="NumberOfThreads" Value="8"/>
    <Metric Name="TotalInitCPU" Value="9.69952"/>
    <Metric Name="TotalInitTime" Value="153.729"/>
    <Metric Name="TotalJobCPU" Value="126.68"/>
    <Metric Name="TotalJobTime" Value="384.806"/>
    <Metric Name="TotalLoopCPU" Value="116.321"/>
    <Metric Name="TotalLoopTime" Value="229.952"/>
  </PerformanceSummary>
</PerformanceReport>
<PerformanceReport>
  <PerformanceSummary Metric="ProcessingSummary">
    <Metric Name="NumberBeginLumiCalls" Value="1"/>
    <Metric Name="NumberBeginRunCalls" Value="1"/>
    <Metric Name="NumberEvents" Value="2"/>
  </PerformanceSummary>
</PerformanceReport>
<PerformanceReport>
  <PerformanceSummary Metric="StorageStatistics">
    <Metric Name="Parameter-untracked-bool-enabled" Value="true"/>
    <Metric Name="Parameter-untracked-bool-prefetching" Value="false"/>
    <Metric Name="Parameter-untracked-bool-stats" Value="true"/>
    <Metric Name="Parameter-untracked-string-cacheHint" Value="auto-detect"/>
    <Metric Name="Parameter-untracked-string-readHint" Value="auto-detect"/>
    <Metric Name="ROOT-tfile-read-totalMegabytes" Value="1.13588"/>
    <Metric Name="ROOT-tfile-write-totalMegabytes" Value="0"/>
    <Metric Name="Timing-file-close-maxMsecs" Value="0.708823"/>
    <Metric Name="Timing-file-close-minMsecs" Value="0.240794"/>
    <Metric Name="Timing-file-close-numOperations" Value="3"/>
    <Metric Name="Timing-file-close-numSuccessfulOperations" Value="3"/>
    <Metric Name="Timing-file-close-totalMegabytes" Value="0"/>
    <Metric Name="Timing-file-close-totalMsecs" Value="1.20243"/>
    <Metric Name="Timing-file-construct-maxMsecs" Value="0.00234"/>
    <Metric Name="Timing-file-construct-minMsecs" Value="7e-05"/>
    <Metric Name="Timing-file-construct-numOperations" Value="13"/>
    <Metric Name="Timing-file-construct-numSuccessfulOperations" Value="13"/>
    <Metric Name="Timing-file-construct-totalMegabytes" Value="0"/>
    <Metric Name="Timing-file-construct-totalMsecs" Value="0.0055"/>
    <Metric Name="Timing-file-destruct-maxMsecs" Value="4e-05"/>
    <Metric Name="Timing-file-destruct-minMsecs" Value="4e-05"/>
    <Metric Name="Timing-file-destruct-numOperations" Value="1"/>
    <Metric Name="Timing-file-destruct-numSuccessfulOperations" Value="1"/>
    <Metric Name="Timing-file-destruct-totalMegabytes" Value="0"/>
    <Metric Name="Timing-file-destruct-totalMsecs" Value="4e-05"/>
    <Metric Name="Timing-file-flush-maxMsecs" Value="5.90638"/>
    <Metric Name="Timing-file-flush-minMsecs" Value="1.02145"/>
    <Metric Name="Timing-file-flush-numOperations" Value="4"/>
    <Metric Name="Timing-file-flush-numSuccessfulOperations" Value="4"/>
    <Metric Name="Timing-file-flush-totalMegabytes" Value="0"/>
    <Metric Name="Timing-file-flush-totalMsecs" Value="12.5323"/>
    <Metric Name="Timing-file-open-maxMsecs" Value="13.751"/>
    <Metric Name="Timing-file-open-minMsecs" Value="0.212254"/>
    <Metric Name="Timing-file-open-numOperations" Value="13"/>
    <Metric Name="Timing-file-open-numSuccessfulOperations" Value="13"/>
    <Metric Name="Timing-file-open-totalMegabytes" Value="0"/>
    <Metric Name="Timing-file-open-totalMsecs" Value="23.2484"/>
    <Metric Name="Timing-file-position-maxMsecs" Value="0.025611"/>
    <Metric Name="Timing-file-position-minMsecs" Value="0.00025"/>
    <Metric Name="Timing-file-position-numOperations" Value="5765"/>
    <Metric Name="Timing-file-position-numSuccessfulOperations" Value="5765"/>
    <Metric Name="Timing-file-position-totalMegabytes" Value="0"/>
    <Metric Name="Timing-file-position-totalMsecs" Value="5.73811"/>
    <Metric Name="Timing-file-prefetch-maxMsecs" Value="0"/>
    <Metric Name="Timing-file-prefetch-minMsecs" Value="0"/>
    <Metric Name="Timing-file-prefetch-numOperations" Value="0"/>
    <Metric Name="Timing-file-prefetch-numSuccessfulOperations" Value="0"/>
    <Metric Name="Timing-file-prefetch-totalMegabytes" Value="0"/>
    <Metric Name="Timing-file-prefetch-totalMsecs" Value="0"/>
    <Metric Name="Timing-file-read-maxMsecs" Value="145.062"/>
    <Metric Name="Timing-file-read-minMsecs" Value="0.00058"/>
    <Metric Name="Timing-file-read-numOperations" Value="5426"/>
    <Metric Name="Timing-file-read-numSuccessfulOperations" Value="5426"/>
    <Metric Name="Timing-file-read-totalMegabytes" Value="55.4451"/>
    <Metric Name="Timing-file-read-totalMsecs" Value="5226.76"/>
    <Metric Name="Timing-file-readv-maxMsecs" Value="0"/>
    <Metric Name="Timing-file-readv-minMsecs" Value="0"/>
    <Metric Name="Timing-file-readv-numOperations" Value="0"/>
    <Metric Name="Timing-file-readv-numSuccessfulOperations" Value="0"/>
    <Metric Name="Timing-file-readv-totalMegabytes" Value="0"/>
    <Metric Name="Timing-file-readv-totalMsecs" Value="0"/>
    <Metric Name="Timing-file-write-maxMsecs" Value="0.059911"/>
    <Metric Name="Timing-file-write-minMsecs" Value="0.000941"/>
    <Metric Name="Timing-file-write-numOperations" Value="213"/>
    <Metric Name="Timing-file-write-numSuccessfulOperations" Value="213"/>
    <Metric Name="Timing-file-write-totalMegabytes" Value="1.00207"/>
    <Metric Name="Timing-file-write-totalMsecs" Value="1.48786"/>
    <Metric Name="Timing-file-writev-maxMsecs" Value="0"/>
    <Metric Name="Timing-file-writev-minMsecs" Value="0"/>
    <Metric Name="Timing-file-writev-numOperations" Value="0"/>
    <Metric Name="Timing-file-writev-numSuccessfulOperations" Value="0"/>
    <Metric Name="Timing-file-writev-totalMegabytes" Value="0"/>
    <Metric Name="Timing-file-writev-totalMsecs" Value="0"/>
    <Metric Name="Timing-tstoragefile-close-maxMsecs" Value="0.254024"/>
    <Metric Name="Timing-tstoragefile-close-minMsecs" Value="0.241824"/>
    <Metric Name="Timing-tstoragefile-close-numOperations" Value="2"/>
    <Metric Name="Timing-tstoragefile-close-numSuccessfulOperations" Value="2"/>
    <Metric Name="Timing-tstoragefile-close-totalMegabytes" Value="0"/>
    <Metric Name="Timing-tstoragefile-close-totalMsecs" Value="0.495848"/>
    <Metric Name="Timing-tstoragefile-construct-maxMsecs" Value="104.638"/>
    <Metric Name="Timing-tstoragefile-construct-minMsecs" Value="0.777575"/>
    <Metric Name="Timing-tstoragefile-construct-numOperations" Value="12"/>
    <Metric Name="Timing-tstoragefile-construct-numSuccessfulOperations" Value="12"/>
    <Metric Name="Timing-tstoragefile-construct-totalMegabytes" Value="0"/>
    <Metric Name="Timing-tstoragefile-construct-totalMsecs" Value="204.074"/>
    <Metric Name="Timing-tstoragefile-flush-maxMsecs" Value="5.90841"/>
    <Metric Name="Timing-tstoragefile-flush-minMsecs" Value="1.02216"/>
    <Metric Name="Timing-tstoragefile-flush-numOperations" Value="4"/>
    <Metric Name="Timing-tstoragefile-flush-numSuccessfulOperations" Value="4"/>
    <Metric Name="Timing-tstoragefile-flush-totalMegabytes" Value="0"/>
    <Metric Name="Timing-tstoragefile-flush-totalMsecs" Value="12.5388"/>
    <Metric Name="Timing-tstoragefile-read-maxMsecs" Value="145.064"/>
    <Metric Name="Timing-tstoragefile-read-minMsecs" Value="0.00094"/>
    <Metric Name="Timing-tstoragefile-read-numOperations" Value="5423"/>
    <Metric Name="Timing-tstoragefile-read-numSuccessfulOperations" Value="5423"/>
    <Metric Name="Timing-tstoragefile-read-totalMegabytes" Value="55.3045"/>
    <Metric Name="Timing-tstoragefile-read-totalMsecs" Value="5229.01"/>
    <Metric Name="Timing-tstoragefile-readActual-maxMsecs" Value="145.063"/>
    <Metric Name="Timing-tstoragefile-readActual-minMsecs" Value="0.00076"/>
    <Metric Name="Timing-tstoragefile-readActual-numOperations" Value="5423"/>
    <Metric Name="Timing-tstoragefile-readActual-numSuccessfulOperations" Value="5423"/>
    <Metric Name="Timing-tstoragefile-readActual-totalMegabytes" Value="55.3045"/>
    <Metric Name="Timing-tstoragefile-readActual-totalMsecs" Value="5227.71"/>
    <Metric Name="Timing-tstoragefile-seek-maxMsecs" Value="0.026551"/>
    <Metric Name="Timing-tstoragefile-seek-minMsecs" Value="0.00042"/>
    <Metric Name="Timing-tstoragefile-seek-numOperations" Value="5636"/>
    <Metric Name="Timing-tstoragefile-seek-numSuccessfulOperations" Value="5636"/>
    <Metric Name="Timing-tstoragefile-seek-totalMegabytes" Value="0"/>
    <Metric Name="Timing-tstoragefile-seek-totalMsecs" Value="7.15093"/>
    <Metric Name="Timing-tstoragefile-stat-maxMsecs" Value="0.00512"/>
    <Metric Name="Timing-tstoragefile-stat-minMsecs" Value="0.00162"/>
    <Metric Name="Timing-tstoragefile-stat-numOperations" Value="20"/>
    <Metric Name="Timing-tstoragefile-stat-numSuccessfulOperations" Value="20"/>
    <Metric Name="Timing-tstoragefile-stat-totalMegabytes" Value="0"/>
    <Metric Name="Timing-tstoragefile-stat-totalMsecs" Value="0.049041"/>
    <Metric Name="Timing-tstoragefile-write-maxMsecs" Value="0.061171"/>
    <Metric Name="Timing-tstoragefile-write-minMsecs" Value="0.00129"/>
    <Metric Name="Timing-tstoragefile-write-numOperations" Value="213"/>
    <Metric Name="Timing-tstoragefile-write-numSuccessfulOperations" Value="213"/>
    <Metric Name="Timing-tstoragefile-write-totalMegabytes" Value="1.00207"/>
    <Metric Name="Timing-tstoragefile-write-totalMsecs" Value="1.65207"/>
    <Metric Name="Timing-tstoragefile-writeActual-maxMsecs" Value="0.060361"/>
    <Metric Name="Timing-tstoragefile-writeActual-minMsecs" Value="0.0011"/>
    <Metric Name="Timing-tstoragefile-writeActual-numOperations" Value="213"/>
    <Metric Name="Timing-tstoragefile-writeActual-numSuccessfulOperations" Value="213"/>
    <Metric Name="Timing-tstoragefile-writeActual-totalMegabytes" Value="1.00207"/>
    <Metric Name="Timing-tstoragefile-writeActual-totalMsecs" Value="1.56038"/>
    <Metric Name="Timing-tstoragefile-writeViaCache-maxMsecs" Value="0"/>
    <Metric Name="Timing-tstoragefile-writeViaCache-minMsecs" Value="0"/>
    <Metric Name="Timing-tstoragefile-writeViaCache-numOperations" Value="213"/>
    <Metric Name="Timing-tstoragefile-writeViaCache-numSuccessfulOperations" Value="0"/>
    <Metric Name="Timing-tstoragefile-writeViaCache-totalMegabytes" Value="0"/>
    <Metric Name="Timing-tstoragefile-writeViaCache-totalMsecs" Value="0"/>
  </PerformanceSummary>
</PerformanceReport>
</FrameworkJobReport>
